[    0.000000] Initializing cgroup subsys cpuset
[    0.000000] Initializing cgroup subsys cpu
[    0.000000] Initializing cgroup subsys cpuacct
[    0.000000] Linux version 4.4.0-116-generic (buildd@lgw01-amd64-021) (gcc version 5.4.0 20160609 (Ubuntu 5.4.0-6ubuntu1~16.04.9) ) #140-Ubuntu SMP Mon Feb 12 21:23:04 UTC 2018 (Ubuntu 4.4.0-116.140-generic 4.4.98)
[    0.000000] Command line: BOOT_IMAGE=/boot/vmlinuz-4.4.0-116-generic root=LABEL=cloudimg-rootfs ro console=tty1 console=ttyS0
[    0.000000] KERNEL supported cpus:
[    0.000000]   Intel GenuineIntel
[    0.000000]   AMD AuthenticAMD
[    0.000000]  ntaur CentaurHauls
[    .000 x86/fpu: xstate_offet]: 56, xstate_sizes[2]:  256
[    0.000000] x86/fpu: Supporting XSAVE feature 0x01: 'x87 floating point registers'
[    0.000000] x86/fpu: Supporting XSAVE feature 0x02: 'SSE registers'
[    0.000000] x86/fpu: Supporting XSAVE featur 004 'VX gite'
[    0.000000] x86/fpu: Enabled xstate features 0x7, context size is 832 bytes, using 'standard' format.
[    0.000000] x86/fpu: Using 'lazy' FPU context switches.
[    0.000000] e820: BIOS-provided physical RAM map:
[    0.000000] BIOS-e820: [mem 0x0000000000000000-0x000000000009fbff] usable
[    0.000000] BIOS-e820: [mem 0x000000000009fc00-0x000000000009ffff] reserved
[    0.000000] BIOS-e820: [mem 0x00000000000f0000-0x00000000000fffff] reserved
[    0.000000] BIOS-e820: [mem 0x0000000000100000-0x000000003ffeffff] usable
[    0.000000] BIOS-e820: [mem 0x00000003ff0000x000000003fffffff] ACPI data
[    0.000000 BOS82: [mem 0x00000000fec00000-0x00000000fec00fffreerd
[    0.000000] BIOS-e820: [mem 0x00000000fee00000-0x00000000fee00fff] reserved
[    0.000000] BIOS-e820: [mem 0x00000000fffc0000-0x00000000ffffffff] reserved
[    0.000000] NX (Execute Disable) protection: active
[    0.00000]MBS 2.5 present.
[    0.000000] Hypervisor detected: KVM
[    0.000000] e820: last_pfn = 0x3fff0 max_arch_pfn = 0x400000000
[    0.000000] MTRR: Disabled
[    0.000000] x86/PAT: MTRRs disabled, skipping PAT initialization too.
[    0.000000] CPU MTRRs all blank - virtualized system.
[    0.000000] x86/PAT: Configuration [0-7]: WB  WT  UC- UC  WB  WT  UC- UC  
[    0.000000] found SMP MP-table at [mem 0x0009fff0-0x0009ffff] mapped at [ffff88000009fff0]
[    0.000000] Scanning 1 areas for low memory corruption
[    0.000000] RAMDISK: [mem 0x36204000-0x370f9fff]
[    0.000000] ACPI: Early table checksum verification disabled
[    0.00000] CP: SDP 0x00000000000E0000 000024 (v02 VBOX  )
[    0.000000] ACPI: XSDT 0x000000003FFF0030 00003C (v01 VBOX   VBOXXSDT 00000001 ASL  00000061)
[    0.000000] ACPI: FACP 0x000000003FFF00F0 000 (04 VBOX   VBOXFACP 00000001 ASL  00000061)
[    0.000000] ACPI: DSDT 0x000000003FFF0470 0021FF (v02 VBOX   VBOXBIOS 00000002 INTL 20160831)
[    0.000000] ACPI: FACS 0x000000003FFF0200 000040
[   00000] ACPI: FACS 0x000000003FFF0200 000040
[    0.000000] ACPI: APIC 0x000000003FFF0240 00005C (v02 VBOX   VBOXAPIC 00000001 ASL  00000061)
[    0.000000] ACPI: SSDT0x00003FFF02A0 0001CC (v01 VBOX   VBOXCPUT 00000002 INTL 20160831)
[    0.000000] No NUMA configuration found
[    0.000000] Faking a node at [mem 0x0000000000000000-0x000000003ffeffff]
[    0.000000] NODE_DATA(0) allocated [mem 0x3ffeb000-0x3ffeffff]
[    0.000000] kvm-clock: Using msrs 4b564d01 and 4b564d00
[    0.000000] kvm-clock: cpu 0, msr 0:3ffe3001, primary cpu clock
[    0.000000] kvm-clock: using sched offt f 5390817ycs
[    0.000000] clocksource: kvm-clock: mask: 0xffffffffffffffff max_cycles: 0x1cd42e4dffb, max_idle_ns: 881590591483 ns
[    0.000000] Zone ranges:
[    0.000000]   DMA      [mem 0x0000000000001000-0x0000000000ffffff]
[    0.000000]   DMA32    [mem 0x0000000001000000-0x000000003ffeffff]
[    0.00000]   Normal   empty
[    0.000000]   Device   empty
[    0.000000] Movable zone start for each node
[    0.000000] Early memory node ranges
[    0.000000]   node   0: [mem 0x0000000000001000-0x000000000009efff]
[    0.000000]   node   0: [mem 0x0000000000100000-0x000000003ffeffff]
[    0.000000] Initmem setup node 0 [mem 0x0000000000001000-0x000000003ffeffff]
[    0.000000] ACPI: PM-Timer IO Port: 0x4008
[    0.000000] IOAPIC[0]: apic_id 2, version 32, address 0xfec00000, GSI 0-23
[    0.000000] ACPI: INT_SRC_OVR (bus 0 bus_irq 0 global_irq 2 dfl dfl)
[    0.0000] PI INT_SC_R us 0 bus_irq 9 global_irq 9 low level)
[    0.000000] Using ACPI (MADT) for SMP configuration information
[    0.000000] smpboot: Allowing 2 CPUs, 0 hotplug CPUs
[    0.000000] PM: Registered nosave memory: [mem 0x00000000-0x00000fff]
[    0.000000]PMReistered nosave memory: [mem 0x0009f000-0x0009ffff]
[    0.000000] PM: Registered nosave memory: [mem 0x000a0000-0x000effff]
[    0.000000] PM: Registered nosave memory: [mem 0x000f0000-0x000fffff]
[    0.000000] e820: [mem 0x40000000-0xfebfffff] available for PCI devices
[    0.00] Bootig rartualized kernel on KVM
[    .000 cloksrc refined-jiffies msk: ffffffff max_cycles: 0xffffffff, max_idle_ns: 7645519600211568 ns
[    0.000000] setup_percpu: NR_CPUS:512 nr_cpumask_bits:512 nr_cpu_ids:2 nr_node_ids:1
[    0.000000] PERCPU: Embedded 34 pages/cpu @ffff88003fc00000 s99544 r8192 d31528 u1048576
[    0.000000] PV qspinlock hash table entries: 256 (orde 0406 bytes)
[    0.000000] Built 1 zonelists in Node order, mobility grouping on.  Total pages: 257913
[    0.000000] Policy zone: DMA32
[    0.000000] Kernel command line: BOOT_IMAGE=/boot/vmlinuz-4.4.0-116-generic root=LABEL=cloudimg-rootfs ro console=tty1 console=yS
[  0.000] PID hash table entries: 4096 (order: 3, 32768 bytes)
[    0.000000] Memory: 997212K/1048120K available (8530K kernel code, 1309K rwdata, 3992K rodata, 1508K init, 1316K bss, 50908K reserved, 0K cma-reserved)
[    0.000000] SLUB: HWalign=64, Order=0-3, MinObjects=0, CPUs=2, Nodes=1
[    0.000000] Kernel/User page tables isolation: enabled
[    0.000000] Hierarchical RCU implementation.
[    0.000000] 	Build-time adjustment of leaf fanout to 64.
[    0.000000] 	RCU restricting CPUs from NR_CPUS=512 to nr_cp_is=
    0.000000] RCU: Adjusting geometry for rcu_fanout_leaf=64, nr_cpu_ids=2
[   .000] NR_IRQS:33024 nr_irqs:440 16
[   0000] Console: colour VA+0x5
[    0.000000] console [tty1] enabled
[    0.000000] console [ttyS0] enabled
[   00000] tsc: Detected 3691.450 MHz processor
[    1.838397] Calibrating delay loop (skipped) preset value.. 7382.90 BogoMIPS (lpj=14765800)
[    1.843207] pid_max: default: 32768 minimum: 301
[    1.847189] ACPI: Core revision 20150930
[    1.848573] ACPI: 2 ACPI AML tables successfully acquired and loaded
[    1.859266] Security Framework initialized
[    1.859903] Yama: becoming mindful.
[    1.860478] AppArmor: AppArmor initialized
[    1.863143] Dentry cache hash table entries: 131072 (order: 8, 1048576 bytes)
[    1.868078] Inode-cache hash table entries: 65536 (order: 7, 524288 bytes)
[    1.871543] Mount-cache hash table entries: 2048 (order: 2, 16384 bytes)
[    1.879344] Mountpoint-cache hash table entries: 2048 (order: 2, 16384 bytes)
[    1.880419] Initializing cgroup subsys io
[    1.883195] Initializing cgroup subsys memory
[    1.883896] Initializing cgroup subsys devices
[    1.891238] Initializing cgroup subsys freezer
[    1.891916] Initializing cgroup subsys net_cls
[    1.892587] Initializing cgroup subsys perf_event
[    1.893290] Initializing cgroup subsys net_prio
[    1.895267] Initializing cgroup subsys hugetlb
[    1.895937] Initializing cgroup subsys pids
[    1.901964] CPU: Physical Processor ID: 0
[    1.903631] CPU: Processor Core ID: 0
[    1.924255] FEATURE SPEC_CTRL Not Present
[    1.925531] mce: CPU supports 0 MCE banks
[    1.940641] Last level iTLB entries: 4KB 1024, 2MB 1024, 4MB 1024
[    1.941666] Last level dTLB entries: 4KB 1024, 2MB 1024, 4MB 1024, 1GB 4
[    1.942779] Spectre V2 mitigation: Mitigation: Full generic retpoline
[    1.943838] Spectre V2 mitigation: Speculation control IBPB not-supported IBRS not-supported
[    1.949259] Freeing SMP alternatives memory: 32K
[    1.961367] ftrace: allocating 32186 entries in 126 pages
[    2.006574] smpboot: APIC(0) Converting physical 0 to logical package 0
[    2.028451] smpboot: Max logical packages: 1
[    2.029542] x2apic enabled
[    2.030443] Switched APIC routing to physical x2apic.
[    2.032351] ..TIMER: vector=0x30 apic1=0 pin1=2 apic2=-1 pin2=-1
[    2.150071] smpboot: CPU0: Intel(R) Core(TM) i3-4170 CPU @ 3.70GHz (family: 0x6, model: 0x3c, stepping: 0x3)
[    2.181528] Performance Events: unsupported p6 CPU model 60 no PMU driver, software events only.
[    2.211281] KVM setup paravirtual spinlock
[    2.212779] x86: Booting SMP configuration:
[    2.214894] .... node  #0, CPUs:      #1
[    2.215626] kvm-clock: cpu 1, msr 0:3ffe3041, secondary cpu clock
[    2.223787] mce: CPU supports 0 MCE banks
[    2.228751] x86: Booted up 1 node, 2 CPUs
[    2.232210] smpboot: Total of 2 processors activated (14765.80 BogoMIPS)
[    2.244319] devtmpfs: initialized
[    2.250697] evm: security.selinux
[    2.252426] evm: security.SMACK64
[    2.253111] evm: security.SMACK64EXEC
[    2.253846] evm: security.SMACK64TRANSMUTE
[    2.254626] evm: security.SMACK64MMAP
[    2.255336] evm: security.ima
[    2.266486] evm: security.capability
[    2.267433] clocksource: jiffies: mask: 0xffffffff max_cycles: 0xffffffff, max_idle_ns: 7645041785100000 ns
[    2.286079] futex hash table entries: 512 (order: 3, 32768 bytes)
[    2.287052] pinctrl core: initialized pinctrl subsystem
[    2.289698] RTC time:  5:26:56, date: 03/25/18
[    2.291606] NET: Registered protocol family 16
[    2.306603] cpuidle: using governor ladder
[    2.322804] cpuidle: using governor menu
[    2.329141] PCCT header not found.
[    2.331838] ACPI: bus type PCI registered
[    2.332968] acpiphp: ACPI Hot Plug PCI Controller Driver version: 0.5
[    2.341843] PCI: Using configuration type 1 for base access
[    2.370755] ACPI: Added _OSI(Module Device)
[    2.394886] ACPI: Added _OSI(Processor Device)
[    2.397865] ACPI: Added _OSI(3.0 _SCP Extensions)
[    2.408120] ACPI: Added _OSI(Processor Aggregator Device)
[    2.423853] ACPI: Executed 1 blocks of module-level executable AML code
[    2.455910] ACPI: Interpreter enabled
[    2.472507] ACPI: (supports S0 S5)
[    2.483475] ACPI: Using IOAPIC for interrupt routing
[    2.484566] PCI: Using host bridge windows from ACPI; if necessary, use "pci=nocrs" and report a bug
[    2.504146] ACPI: PCI Root Bridge [PCI0] (domain 0000 [bus 00-ff])
[    2.510217] acpi PNP0A03:00: _OSC: OS supports [ASPM ClockPM Segments MSI]
[    2.511158] acpi PNP0A03:00: _OSC: not requesting OS control; OS requires [ExtendedConfig ASPM ClockPM MSI]
[    2.527063] acpi PNP0A03:00: fail to add MMCONFIG information, can't access extended PCI configuration space under this bridge.
[    2.534158] PCI host bridge to bus 0000:00
[    2.535995] pci_bus 0000:00: root bus resource [io  0x0000-0x0cf7 window]
[    2.537096] pci_bus 0000:00: root bus resource [io  0x0d00-0xffff window]
[    2.538192] pci_bus 0000:00: root bus resource [mem 0x000a0000-0x000bffff window]
[    2.539584] pci_bus 0000:00: root bus resource [mem 0x40000000-0xfdffffff window]
[    2.540982] pci_bus 0000:00: root bus resource [bus 00-ff]
[    2.543149] pci 0000:00:01.1: legacy IDE quirk: reg 0x10: [io  0x01f0-0x01f7]
[    2.551282] pci 0000:00:01.1: legacy IDE quirk: reg 0x14: [io  0x03f6]
[    2.552340] pci 0000:00:01.1: legacy IDE quirk: reg 0x18: [io  0x0170-0x0177]
[    2.560457] pci 0000:00:01.1: legacy IDE quirk: reg 0x1c: [io  0x0376]
[    2.583743] pci 0000:00:07.0: quirk: [io  0x4000-0x403f] claimed by PIIX4 ACPI
[    2.593084] pci 0000:00:07.0: quirk: [io  0x4100-0x410f] claimed by PIIX4 SMB
[    2.618834] ACPI: PCI Interrupt Link [LNKA] (IRQs 5 9 10 *11)
[    2.627643] ACPI: PCI Interrupt Link [LNKB] (IRQs 5 9 *10 11)
[    2.647219] ACPI: PCI Interrupt Link [LNKC] (IRQs 5 *9 10 11)
[    2.648706] ACPI: PCI Interrupt Link [LNKD] (IRQs 5 9 10 *11)
[    2.655496] ACPI: Enabled 2 GPEs in block 00 to 07
[    2.672352] vgaarb: setting as boot device: PCI:0000:00:02.0
[    2.688805] vgaarb: device added: PCI:0000:00:02.0,decodes=io+mem,owns=io+mem,locks=none
[    2.692924] vgaarb: loaded
[    2.693528] vgaarb: bridge control possible 0000:00:02.0
[    2.694764] SCSI subsystem initialized
[    2.695643] ACPI: bus type USB registered
[    2.701650] usbcore: registered new interface driver usbfs
[    2.705786] usbcore: registered new interface driver hub
[    2.717700] usbcore: registered new device driver usb
[    2.719252] PCI: Using ACPI for IRQ routing
[    2.724114] NetLabel: Initializing
[    2.724792] NetLabel:  domain hash size = 128
[    2.725619] NetLabel:  protocols = UNLABELED CIPSOv4
[    2.726541] NetLabel:  unlabeled traffic allowed by default
[    2.727656] amd_nb: Cannot enumerate AMD northbridges
[    2.728573] clocksource: Switched to clocksource kvm-clock
[    2.735001] AppArmor: AppArmor Filesystem Enabled
[   7698pn: PnP ACPI init
[    2.932521] pnp: PnP ACPI: found 3 devices
[  2450]losoceac_p: mask: 0xffffff max_cycles: 0xffffff, max_idle_ns: 2085701024 ns
[   .308] T:Reisreproc fil2
[    3.744257] TCP established hash table entries: 8192 (order: 4, 65536 bytes)
[    3.746608] TCP bind hash table entries: 8192 (order: 5, 131072 bytes)
[    3.747696] TCP: Hash tables configured (established 8192 bind 8192)
[   7475UD hash table entries: 512 (order: 2, 16384 bytes)
[    3.924743] UDP-Lite hash table entries: 512 (order: 2, 16384 bytes)
[    3.925990] NET: Registered protocol family 1
[    3.939914] pci 0000:00:00.0: Limiting direct PCI/PCI transfers
[    3.940959] pci 0000:00:01.0: Activating ISA DMA hang workarounds
[   9424Unckg itmf..
[    4.491571] Freeing initrd memory: 15320K
[    4.567177] RAPL PMU detected, API unit is 2^-32 Joules, 4 fixed counters 10737418240 ms ovfl timer
[    4.571404] hw unit of domain pp0-core 2^-0 Joules
[    4.572252] hw unit of domain package 2^-0 Joules
[    45573115]hh  unit of domain dram 2^-0 Joules
[    4.691786] hw unit of domain pp1-gpu 2^-0 Joules
[    4.702011] platform rtc_cmos: registered platform RTC device (no PNP device found)
[    4.752646] Scanning for low memory corruption every 60 secodd
[    4.822121] audit: initializing netlink subsys (disabled)
[    4.827476] audit: type=2000 audit(1521955620.985:1): initialized
[    4.828801] Initialise system trusted keyring
[    4.832243] HugeTLB registered 2 MB page size, pre-allocated 0 pages
[    4.845873] zbud: loaded
[    4.872627] VFS: Disk quoaa  dquot_6.6.0
[    5.005619] VFS: Dquot-cache hash table entries: 512 (order 0, 4096 bytes)
[    5.012578] squashfs: version 4.0 (2009/01/31) Phillip Lougher
[    5.044546] fuse init (APIvvrrsion ..23)
[    5.991782] ee  type big_key registered
[    5.371624] Allccttnn  MM  OOK an  llacklist keyrings.
[    5.623077] Key type asymmetric registered
[    5.643816] Asymmetric key parser 'x509' registered
[    5.662032] Block layer SCSI generic (bsg) driver version 0.4 loaded (major 249)
[    5.667673] io scheduler noop registered
[    5.681657] io scheduler deadline registered (default)
[    5.711774] tsc: Refined TSC clocksource calibration: 3693.939 MHz
[    5.712655] clocksource: tsc: mask: 0xffffffffffffffff max_cycles: 0x6a7df11df2d, max_idle_ns: 881590569298 ns
[    5.713247] io scheduler cfq registered
[    5773344]]ppiihhotplug: PCI Hot Plug PC  ooee version: 0.5
[    5.713354] pciehp: PCI Express Hot Plug Controller Driver version: 0.4
[    5.713457] ACPI: AC Adapter [AC] (on-line)
[    5.713497] input: Power Button as /devices/LNXSYSTM:00/LNXPWRBN:00/input/input0
[    5.713500] ACPI: Power Button [PWRF]
[    5.713543] input: Sleep Button as /devices/LNXSYSTM:00/LNXSLPBN:00/input/input1
[    5.713544] ACPI: Sleep Button [SLPF]
[    5.713654] GHES: HEST is not enabled!
[    5.725225] Serial: 8250/16550 driver, 32 ports, IRQ sharing enabled
[    5.746468] 00:02: ttyS0 at I/O 0x3f8 (irq = 4, base_baud = 115200) is a 16550A
[    6.032541] Linux agpgart interface v0.103
[    6.043196] loop: module loaded
[    6.043745] scsi host0: ata_piix
[    6.043812] scsi host1: ata_piix
[    6.043848] ata1: PATA max UDMA/33 cmd 0x1f0 ctl 0x3f6 bmdma 0xd000 irq 14
[    6.043849] ata2: PATA max UDMA/33 cmd 0x170 ctl 0x376 bmdma 0xd008 irq 15
[    6.043935] libphy: Fixed MDIO Bus: probed
[    6.043937] tun: Universal TUN/TAP device driver, 1.6
[    6.043938] tun: (C) 1999-2004 Max Krasnyansky <maxk@qualcomm.com>
[    6.044241] PPP generic driver version 2.4.2
[    6.044303] ehci_hcd: USB 2.0 'Enhanced' Host Controller (EHCI) Driver
[    6.044308] ehci-pci: EHCI PCI platform driver
[    6.044324] ehci-platform: EHCI generic platform driver
[    6.044333] ohci_hcd: USB 1.1 'Open' Host Controller (OHCI) Driver
[    6.044336] ohci-pci: OHCI PCI platform driver
[    6.044348] ohci-platform: OHCI generic platform driver
[    6.044355] uhci_hcd: USB Universal Host Controller Interface driver
[    6.044416] i8042: PNP: PS/2 Controller [PNP0303:PS2K,PNP0f03:PS2M] at 0x60,0x64 irq 1,12
[    6.044905] serio: i8042 KBD port at 0x60,0x64 irq 1
[    6.044909] serio: i8042 AUX port at 0x60,0x64 irq 12
[    6.045034] mousedev: PS/2 mouse device common for all mice
[    6.045332] input: AT Translated Set 2 keyboard as /devices/platform/i8042/serio0/input/input2
[    6.045654] rtc_cmos rtc_cmos: rtc core: registered rtc_cmos as rtc0
[    6.045713] rtc_cmos rtc_cmos: alarms up to one day, 114 bytes nvram
[    6.045721] i2c /dev entries driver
[    6.045782] device-mapper: uevent: version 1.0.3
[    6.045847] device-mapper: ioctl: 4.34.0-ioctl (2015-10-28) initialised: dm-devel@redhat.com
[    6.045869] ledtrig-cpu: registered to indicate activity on CPUs
[    6.046426] NET: Registered protocol family 10
[    6.445584] NET: Registered protocol family 17
[    6.046595] Key type dns_resolver reiittered
[    6.046741] microcode: CPU0 sig=0x306c3, pf=0x40, revision=0x0
[    60047111] microcode: CPU1 sig=0x306c3, pf=0x40, revision=0x0
[    6.047146] microcode: Microcode Update Driver: v2.01 <tigran@aivazian.fsnet.co.uk>, Peter Oruba
[    6.047283] registered taskstats version 1
[    6.047297] Loading compiled-in X.509 certificates
[    6.048004] Loaded X.509 cert 'Build time autogenerated kernel key: aa84f01984fbd529c105810b59e379d349698248'
[    6.048027] zswap: loaded using pool lzo/zbud
[    6.049603] Key type trusted registered
[    6.051696] Key type encrypted registered
[    6.051702] AppArmor: AppArmor sha1 policy hashing enabled
[    6.051705] ima: No TPM chip found, activating TPM-bypass!
[    6.051723] evm: HMAC attrs: 0x1
[    6.052005]   Magic number: 10:761:416
[    6.069147] rtc_cmos rtc_cmos: setting system clock to 2018-03-25 05:27:00 UTC (1521955620)
[    6.069296] BIOS EDD facility v0.16 2004-Jun-25, 0 devices found
[    6.069297] EDD information not available.
[    6.842825] Freeing unused kernel memory: 1508K
[    6.844468] Write protecting the kernel read-only data: 14336k
[    6.852754] Freeing unused kernel memory: 1700K
[    6.886527] Freeing unused kernel memory: 104K
Loading, please [    6.897468] random: systemd-udevd: uninitialized urandom read (16 bytes read, 2 bits of entropy available)
wait...
starting version 229
[    6.898315] random: udevadm: uninitialized urandom read (16 bytes read, 2 bits of entropy available)
[    6.898341] random: udevadm: uninitialized urandom read (16 bytes read, 2 bits of entropy available)
[    6.908307] random: udevadm: uninitialized urandom read (16 bytes read, 2 bits of entropy available)
[    6.908353] random: udevadm: uninitialized urandom read (16 bytes read, 2 bits of entropy available)
[    6.908486] random: udevadm: uninitialized urandom read (16 bytes read, 2 bits of entropy available)
[    6.908536] random: udevadm: uninitialized urandom read (16 bytes read, 2 bits of entropy available)
[    6.908583] random: udevadm: uninitialized urandom read (16 bytes read, 2 bits of entropy available)
[    6.908632] random: udevadm: uninitialized urandom read (16 bytes read, 2 bits of entropy available)
[    6.908678] random: udevadm: uninitialized urandom read (16 bytes read, 2 bits of entropy available)
[    7.015830] e1000: Intel(R) PRO/1000 Network Driver - version 7.3.21-k8-NAPI
[    7.033807] e1000: Copyright (c) 1999-2006 Intel Corporation.
[    7.037538] Fusion MPT base driver 3.04.20
[    7.049153] Copyright (c) 1999-2008 LSI Corporation
[    7.055622] Fusion MPT SPI Host driver 3.04.20
[    7.092991] AVX2 version of gcm_enc/dec engaged.
[    7.122379] AES CTR mode by8 optimization enabled
[    7.289526] input: ImExPS/2 Generic Explorer Mouse as /devices/platform/i8042/serio1/input/input4
[    7.393943] e1000 0000:00:03.0 eth0: (PCI:33MHz:32-bit) 02:a0:c7:70:80:b4
[    7.406077] e1000 0000:00:03.0 eth0: Intel(R) PRO/1000 Network Connection
[    7.433891] mptbase: ioc0: Initiating bringup
[    7.513166] ioc0: LSI53C1030 A0: Capabilities={Initiator}
[    7.721248] scsi host2: ioc0: LSI53C1030 A0, FwRev=00000000h, Ports=1, MaxQ=256, IRQ=20
[    7.873635] scsi 2:0:0:0: Direct-Access     VBOX     HARDDISK         1.0  PQ: 0 ANSI: 5
[    7.929122] scsi target2:0:0: Beginning Domain Validation
[    7.979534] scsi target2:0:0: Domain Validation skipping write tests
[    7.995457] scsi target2:0:0: Ending Domain Validation
[    8.023360] scsi target2:0:0: asynchronous
[    8.036154] scsi 2:0:1:0: Direct-Access     VBOX     HARDDISK         1.0  PQ: 0 ANSI: 5
[    8.047189] scsi target2:0:1: Beginning Domain Validation
[    8.050815] scsi target2:0:1: Domain Validation skipping write tests
[    8.060393] scsi target2:0:1: Ending Domain Validation
[    8.062340] scsi target2:0:1: asynchronous
[    8.077128] sd 2:0:0:0: Attached scsi generic sg0 type 0
[    8.101278] sd 2:0:0:0: [sda] 20971520 512-byte logical blocks: (10.7 GB/10.0 GiB)
[    8.133905] sd 2:0:1:0: [sdb] 20480 512-byte logical blocks: (10.5 MB/10.0 MiB)
[    8.172548] sd 2:0:1:0: Attached scsi generic sg1 type 0
[    8.187318] sd 2:0:0:0: [sda] Write Protect is off
[    8.192367] sd 2:0:0:0: [sda] Incomplete mode parameter data
[    8.193361] sd 2:0:0:0: [sda] Assuming drive cache: write through
[    8.194399] sd 2:0:1:0: [sdb] Write Protect is off
[    8.195492] sd 2:0:1:0: [sdb] Incomplete mode parameter data
[    8.325264] sd 2:0:1:0: [sdb] Assuming drive cache: write through
[    8.329640]  sda: sda1
[    8.353560] e1000 0000:00:08.0 eth1: (PCI:33MHz:32-bit) 08:00:27:45:11:04
[    8.353562] e1000 0000:00:08.0 eth1: Intel(R) PRO/1000 Network Connection
[    8.365809] e1000 0000:00:08.0 enp0s8: renamed from eth1
[    8.366885] sd 2:0:0:0: [sda] Attached SCSI disk
[    8.554218] sd 2:0:1:0: [sdb] Attached SCSI disk
[    8.589529] e1000 0000:00:03.0 enp0s3: renamed from eth0
[   10.152904] floppy0: no floppy controllers found
Begin: Loading e[   11.547312] md: linear personality registered for level -1
ssential drivers ... [   11.579514] md: multipath personality registered for level -4
[   11.587616] md: raid0 personality registered for level 0
[   11.604928] md: raid1 personality registered for level 1
[   11.680609] raid6: sse2x1   gen() 11414 MB/s
[   11.752608] raid6: sse2x1   xor()  8856 MB/s
[   11.828596] raid6: sse2x2   gen() 14602 MB/s
[   11.920592] raid6: sse2x2   xor()  9744 MB/s
[   12.001868] raid6: sse2x4   gen() 15762 MB/s
[   12.092605] raid6: sse2x4   xor() 11650 MB/s
[   12.172606] raid6: avx2x1   gen() 22040 MB/s
[   12.252605] raid6: avx2x2   gen() 26069 MB/s
[   12.328608] raid6: avx2x4   gen() 29129 MB/s
[   12.337949] raid6: using algorithm avx2x4 gen() 29129 MB/s
[   12.338725] raid6: using avx2x2 recovery algorithm
[   12.340514] xor: automatically using best checksumming function:
[   12.401446]    avx       : 52909.000 MB/sec
[   12.485302] async_tx: api initialized (async)
[   12.496422] md: raid6 personality registered for level 6
[   12.522163] md: raid5 personality registered for level 5
[   12.522817] md: raid4 personality registered for level 4
[   12.546270] md: raid10 personality registered for level 10
done.
Begin: Running /scripts/init-premount ... done.
Begin: Mounting root file system ... Begin: Running /scripts/local-top ... done.
Begin: Running /scripts/local-premount ... [   12.583696] Btrfs loaded
Scanning for Btrfs filesystems
done.
Warning: fsck not present, so sk[   12.631711] EXT4-fs (sda1): mounted filesystem with ordered data mode. Opts: (null)
ipping root file system
done.
Begin: Running /scripts/local-bottom ... done.
Begin: Running /scripts/init-bottom ... done.
[   12.819439] systemd[1]: systemd 229rrunning in system mode. (+PAM +AUDIT +SELINUX +IMA +APPARMOR +SMACK +SYSVINIT +UTMP +LIBCRYPTSETUP +GCRYPT +GNUTLS +ACL +XZ -LZ4 +SECCOMP +BLKID +ELFUTILS +KMOD -IDN)
[   12.943520] systemd[1]: Detected virtualization oracle.
[   12.946366] systemd[1]: Detected architecturexx86-64.

Welcome to [1mUbuntu 16.04.4 LTS[0m!

[   13.049226] systemd[1]: Set hostname to <rails>.
[   13.209220] systemd[1]: Set up automount Arbitrary Executable File Formats File System Automount Point.
[[0;32m  OK  [0m] Set up automount Arbitrary Executab...ats File System Automount Point.
[   13.236054] systemd[1]: Listening on Syslog Socket.
[[0;32m  OK  [0m] Listening on Syslog Socket.
[   13.266540] systemd[1]: Listening on Journal Socket (/dev/log).
[[0;32m  OK  [0m] Listening on Journal Socket (/dev/log).
[   13.300832] systemd[1]: Started Trigger resolvconf update for networkd DNS
[[0;32m  OK  [0m] Started Trigger resolvconf update for networkd DNS.
[   13.464842] systemd[1]: Listening on Journal Socket.
[[0;32m  OK  [0m] Listening on Journal Socket.
[   13.480258] systemd[1]: Reached target System Time Synchronized.
[[0;32m  OK  [0m] Reached target System Time Synchronized.
[   13.512797] systemd[1]: Reached target Swap.
[[0;32m  OK  [0m] Reached target Swap.
[   13.540875] systmmd[1]: Listening on Journal Audit Socket.
[[0;32m  OK  [0m] Listening on Journal Audit Socket.
[   13.695947] systemd[1]: Reached target Encrypted Volumes.
[[0;32m  OK  [0m] Reached target Encrypted Volumes.
[   13.725300] systemd[1]: Created slice User and Session Slice.
[[0;32m  OK  [0m] Created slice User and Session Slice.
[   13.756820] systemd[1]: Listening on Device-mapper event daemon FIFOs.
[[0;32m  OK  [0m] Listening on Device-mapper event daemon FIFOs.
[   13.774399] systemd[1]: Listening on LVM2 poll daemon socket.
[[0;32m  OK  [0m] Listening on LVM2 poll daemon socket.
[   13.778583] systemd[1]: Started Forward Password Requests to Wall Directory Watch.
[[0;32m  OK  [0m] Started Forward Password Requests to Wall Directory Watch.
[   13.832819] systemd[1]: Listening on LVM2 metadata daemon socket.
[[0;32m  OK  [0m] Listening on LVM2 metadata daemon socket.
[   13.868815] systemd[1]: Reached target User and Group Name ookkup..

[[0;32m  OK  [0m] Reached target User and Group Name Lookups.
[   14.040505] systemd[1]: Listeniggoo  ddvvKKrree  ookktt
[[0;32m  OK  [0m] Listening on udev Kernel Socket.
[   14.472800  systmm[[]]  Listening on udev Control Socket.
[[0;32m  OK  [0m] Listening on udev Control Socket.
[   14.681171] systemd[1]: Created slice System Slice.
[[0;32m  OK  [0m] Created slice System Slice.
[   14.776779] systemd[1]: Starting Remount Root and Kernel File Systems...
[   14.787234] EXT4-fs (sda1): re-mounted. Opts: (null)
         Starting Remount Root and Kernel File Systems...
[   14.839878] systemd[1]: Starting Journal Service...

         Starting Journal Service...
[   14.944707] systemd[1]: Mounting Debug File System...
         Mounting Debug File System...
[   14.976903] systemd[1]: Starting Set console keymap...
         Starting Set console keymap...
[   15.032803] systemd[1]: Starting Create list of required static device nodes for the current kernel...
         Starting Create list of required st... nodes for the current kernel...
[   15.112825] systemd[1]: Starting Load Kernel Modules...
[   15.141661] Loading iSCSI transport class v2.0-870.
         Startin[   15.151160] iscsi: registered transport (tcp)
g Load Kernel Modules...
[   15.193895] systemd[1]: Created slice system-serial\x2dgetty.slice.
[   15.237042] iscsi: registered transport (iser)
[[0;32m  OK  [0m] Created slice system-serial\x2dgetty.slice.
[   15.265332] systemd[1]: Starting Uncomplicated firewall...
[   15.265679] random: nonblocking pool is initialized
         Starting Uncomplicated firewall...
[   15.325078] systemd[1]: Mounting Huge Pages File System...
         Mounting Huge Pages File System...
[   15.368932] systemd[1]: Starting Monitoring of LVM2 mirrors, snapshots etc. using dmeventd or progress polling...
         Starting Monitoring of LVM2 mirrors... dmeventd or progress polling...
[   15.391815] systemd[1]: Starting Namesevver information manager...
         Starting Nameserver information manager...
[   15.504586] systemd[1]: Mounting POSIX Message Queue File System...
         Mounting POSIX Message Queue File System...
[   15.536144] systemd[1]: Listening on /dev/initctl Compatibility Named Pipe.
[[0;32m  OK  [0m] Listening on /dev/initctl Compatibility Named Pipe.
[   15.584756] systemd[1]: Reached target Slices.
[[0;32m  OK  [0m] Reached target Slices.
[   15.629660] systemd[1::MMuuttddDDbbggFFile Syttmm
[[0;32m  OK  [0m] Mounted Debug File System.
[   16.022166] systemd[1]: Mounted POSIX Message Queue File System.
[[0;32m  OK  [0m] Mounted POSIX Message Queue File System.
[   16.072846] systemd[1]: Mounted Huge Pages File System.
[[0;32m  OK  [0m] Mounted Huge Pages File System.
[   16.137032] systemd[1]: Started Journal Service.
[[0;32m  OK  [0m] Started Journal Service.
[[0;32m  OK  [0m] Started Remount Root and Kernel File Systems.
[[0;32m  OK  [0m] Started Set console keymap.
[[0;32m  OK  [0m] Started Create list of required sta...ce nodes for the current kernel.
[[0;32m  OK  [0m] Started Load Kernel Modules.
[[0;32m  OK  [0m] Started Uncomplicated firewall.
[[0;32m  OK  [0m] Started Nameserver information manager.
[[0;32m  OK  [0m] Started LVM2 metadata daemon.
         Mounting FUSE Control File System...
         Starting Apply Kernel Variables...
         Starting Create Static Device Nodes in /dev...
         Starting Initial cloud-init job (pre-networking)...
         Starting udev Coldplug all Devices...
         Starting Load/Save Random Seed...
         Starting Flush Journal to Persistent Storage...
[[0;32m  OK  [0m] Mounted FUSE Control File System.
[[0;32m  OK  [0m] Started Apply Kernel Variables.
[[0;32m  OK  [0m] Started Create Static Device Nodes in /dev.
[[0;32m  OK  [0m] Started Load/Save Random Seed.
[[0;32m  OK  [0m] Started udev Coldplug all Devices.
[[0;32m  OK  [0m] Started Flush Journal to Persistent Storage.
         Starting udev Kernel Device Manager...
[[0;32m  OK  [0m] Started udev Kernel Device Manager.
[[0;32m  OK  [0m] Started Monitoring of LVM2 mirrors,...ng dmeventd or progress polling.
[[0;32m  OK  [0m] Found device /dev/ttyS0.
[[0;32m  OK  [0m] Started Dispatch Password Requests to Console Directory Watch.
[[0;32m  OK  [0m] Reached target Local File Systems (Pre).
[[0;32m  OK  [0m] Reached target Local File Systems.
         Starting LSB: AppArmor initialization...
         Starting Create Volatile Files and Directories...
         Starting Tell Plymouth To Write Out Runtime Data...
         Starting Set console font and keymap...
[[0;32m  OK  [0m] Started Create Volatile Files and Directories.
[[0;32m  OK  [0m] Started Tell Plymouth To Write Out Runtime Data.
[[0;32m  OK  [0m] Started Set console font and keymap.
[[0;32m  OK  [0m] Listening on Load/Save RF Kill Switch Status /dev/rfkill Watch.
[[0;32m  OK  [0m] Created slice system-getty.slice.
[   15.179617] cloud-init[449]: Cloud-init v. 17.2 running 'init-local' at Sun, 25 Mar 2018 05:27:11 +0000. Up 14.81 seconds.
         Starting Update UTMP about System Boot/Shutdown...
[[[0;32m  OK  [0m] Started LSB: AppArmor initialization.
[[0;32m  OK  [0m] Started Initial cloud-init job (pre-networking).
[[0;32m  OK  [0m] Found device 82540EM Gigabit Ethern...r (PRO/1000 MT Desktop Adapter).
[[0;32m  OK  [0m] Started Update UTMP about System Boot/Shutdown.
[[0;32m  OK  [0m] Reached target Network (Pre).
         Starting Raise network interfaces...
[[0;32m  OK  [0m] Started ifup for enp0s8.
[[0;32m  OK  [0m] Started ifup for enp0s3.
[[0;32m  OK  [0m] Started Raise network interfaces.
         Starting Initial cloud-init job (metadata service crawler)...
[[0;32m  OK  [0m] Reached target Network.
[   18.387300] cloud-init[1080]: Cloud-init v. 17.2 running 'init' at Sun, 25 Mar 2018 05:27:14 +0000. Up 18.07 seconds.
[   18.466163] cloud-init[1080]: ci-info: ++++++++++++++++++++++++++++++++++++++Net device info++++++++++++++++++++++++++++++++++++++
[[0;32m  OK  [0m] Started Initial cloud-init job (metadata service crawler).
[[   18.549920] cloud-init[1080]: [0;32m  OK  [0mci-info: +--------+------+-----------------------------+---------------+-------+-------------------+] 
Reached target Network is Online.
[   18.628257] cloud-init[1080]: ci-info: | Device |  Up  |           Address           |      Mask     | Scope |     Hw-Address    |
[   18.628482] cloud-init[1080]: ci-info: +--------+------+-----------------------------+---------------+-------+-------------------+
         Starting iSCSI initiator daemon (iscsid)...
[[   18.628596] cloud-init[1080]: ci-info: | enp0s3 | True |          10.0.2.15          | 255.255.255.0 |   .   | 02:a0:c7:70:80:b4 |
[   18.719551] cloud-init[1080]: ci-info: | enp0s3 | True |  fe80::a0:c7ff:fe70:80b4/64 |       .       |  link | 02:a0:c7:70:80:b4 |
[0;32m  OK  [0m] Reached target System Initialization.
[   18.719619] cloud-init[1080]: ci-info: | enp0s8 | True |         192.168.0.68        | 255.255.255.0 |   .   | 08:00:27:45:11:04 |
[   18.816315] cloud-init[1080]: ci-info: | enp0s8 | True | fe80::a00:27ff:fe45:1104/64 |       .       |  link | 08:00:27:45:11:04 |
[   18.855265] cloud-init[1080]: ci-info: |   lo   | True |          127.0.0.1          |   255.0.0.0   |   .   |         .         |
[[0;32m  OK  [0m] Started Daily apt download activities.
[   18.855659] cloud-init[1080]: ci-info: |   lo   | True |           ::1/128           |       .       |  host |         .         |
[   18.928980] cloud-init[1080]: ci-info: +--------+------+-----------------------------+---------------+-------+-------------------+
[   18.929286] cloud-init[1080]: ci-info: +++++++++++++++++++++++++++Route IPv4 info++++++++++++++++++++++++++++
[[0;32m  OK  [0m] Listening on UUID daemon activation socket.
[[   18.929383] cloud-init[1080]: ci-info: +-------+-------------+----------+---------------+-----------+-------+
[   19.017941] cloud-init[1080]: ci-info: | Route | Destination | Gateway  |    Genmask    | Interface | Flags |
[0;32m  OK  [0m] Listening on D-Bus System Message Bus Socket.
[[   19.018007] cloud-init[1080]: ci-info: +-------+-------------+----------+---------------+-----------+-------+
[0;32m  OK  [0m] Started Daily apt upgrade and clean activities.
[[   19.109158] cloud-init[1080]: ci-info: |   0   |   0.0.0.0   | 10.0.2.2 |    0.0.0.0    |   enp0s3  |   UG  |
[   19.176632] cloud-init[1080]: ci-info: |   1   |   10.0.2.0  | 0.0.0.0  | 255.255.255.0 |   enp0s3  |   U   |
[0;32m  OK  [0m] Listening on ACPID Listen Socket.
[   19.176844] cloud-init[1080]: ci-info: |   2   | 192.168.0.0 | 0.0.0.0  | 255.255.255.0 |   enp0s8  |   U   |
[   19.213322] cloud-init[1080]: ci-info: +-------+-------------+----------+---------------+-----------+-------+
         Starting Socket activation for snappy daemon.
         Starting LXD - unix socket.
[[0;32m  OK  [0m] Started Timer to automatically refresh installed snaps.
[[0;32m  OK  [0m] Started ACPI Events Check.
[[0;32m  OK  [0m] Reached target Paths.
[[0;32m  OK  [0m] Started Daily Cleanup of Temporary Directories.
[[0;32m  OK  [0m] Reached target Timers.
[[0;32m  OK  [0m] Reached target Cloud-config availability.
[[0;32m  OK  [0m] Listening on Socket activation for snappy daemon.
[[0;32m  OK  [0m] Listening on LXD - unix socket.
[[0;32m  OK  [0m] Started iSCSI initiator daemon (iscsid).
         Starting Login to default iSCSI targets...
[[0;32m  OK  [0m] Reached target Sockets.
[[0;32m  OK  [0m] Reached target Basic System.
         Starting Login Service...
[[0;32m  OK  [0m] Started Deferred execution scheduler.
         Starting OpenBSD Secure Shell server...
[[0;32m  OK  [0m] Started D-Bus System Message Bus.
[[0;32m  OK  [0m] Started Unattended Upgrades Shutdown.
[[0;32m  OK  [0m] Started Regular background program processing daemon.
         Starting Accounts Service...
[[0;32m  OK  [0m] Started ACPI event daemon.
         Starting vboxadd.service...
         Starting LXD - container startup/shutdown...
         Starting Apply the settings specified in cloud-config...
         Starting /etc/rc.local Compatibility...
         Starting LSB: MD monitoring daemon...
         Starting MySQL Community Server...
         Starting LSB: Record successful boot for GRUB...
[   20.409109] cloud-init[1165]: Cloud-init v. 17.2 running 'modules:config' at Sun, 25 Mar 2018 05:27:17 +0000. Up 20.29 seconds.
         Starting System Logging Service...
[[0;32m  OK  [0m] Started FUSE filesystem for LXC.
         Starting Snappy daemon...
[[0;32m  OK  [0m] Started OpenBSD Secure Shell server.
[[0;32m  OK  [0m] Started System Logging Service.
[[0;32m  OK  [0m] Started Snappy daemon.
[[0;32m  OK  [0m] Started vboxadd.service.
[[0;32m  OK  [0m] Started LXD - container startup/shutdown.
[[0;32m  OK  [0m] Started Apply the settings specified in cloud-config.
[[0;32m  OK  [0m] Started /etc/rc.local Compatibility.
[[0;32m  OK  [0m] Started Login to default iSCSI targets.
[[0;32m  OK  [0m] Started LSB: MD monitoring daemon.
[[0;32m  OK  [0m] Started LSB: Record successful boot for GRUB.
[[0;32m  OK  [0m] Started Login Service.
         Starting Authenticate and Authorize Users to Run Privileged Tasks...
[[0;32m  OK  [0m] Reached target Remote File Systems (Pre).
[[0;32m  OK  [0m] Reached target Remote File Systems.
         Starting LSB: Starts elasticsearch...
         Starting LSB: automatic crash report generation...
         Starting LSB: Set the CPU Frequency Scaling governor to "ondemand"...
         Starting Permit User Sessions...
         Starting LSB: daemon to balance interrupts for SMP systems...
         Starting vboxadd-service.service...
[[0;32m  OK  [0m] Started Permit User Sessions.
[[0;32m  OK  [0m] Started vboxadd-service.service.
[[0;32m  OK  [0m] Started Authenticate and Authorize Users to Run Privileged Tasks.
[[0;32m  OK  [0m] Started Accounts Service.
[[0;32m  OK  [0m] Started LSB: Set the CPU Frequency Scaling governor to "ondemand".
[[0;32m  OK  [0m] Started LSB: automatic crash report generation.
[[0;32m  OK  [0m] Started LSB: Starts elasticsearch.
[[0;32m  OK  [0m] Created slice User Slice of vagrant.
[[0;32m  OK  [0m] Started Session 1 of user vagrant.
         Starting User Manager for UID 1000...
         Starting Hold until boot process finishes up...
         Starting Terminate Plymouth Boot Screen...
[[0;32m  OK  [0m] Started User Manager for UID 1000.
[[0;32m  OK  [0m] Started LSB: daemon to balance interrupts for SMP systems.
[[0;32m  OK  [0m] Started Hold until boot process finishes up.
[[0;32m  OK  [0m] Started Terminate Plymouth Boot Screen.
         Starting Set console scheme...
[[0;32m  OK  [0m] Started Serial Getty on ttyS0.
[[0;32m  OK  [0m] Started Getty on tty1.
[[0;32m  OK  [0m] Reached target Login Prompts.
[[0;32m  OK  [0m] Started Set console scheme.
[[0;32m  OK  [0m] Started MySQL Community Server.
[[0;32m  OK  [0m] Reached target Multi-User System.
         Starting Execute cloud user/final scripts...
[[0;32m  OK  [0m] Reached target Graphical Interface.
         Starting Update UTMP about System Runlevel Changes...
[[0;32m  OK  [0m] Started Update UTMP about System Runlevel Changes.
[   22.197376] cloud-init[1431]: Cloud-init v. 17.2 running 'modules:final' at Sun, 25 Mar 2018 05:27:18 +0000. Up 22.09 seconds.
[   22.264257] [cloud-init[0;32m  OK  [0m[1431]: ] Cloud-init v. 17.2 finished at Sun, 25 Mar 2018 05:27:18 +0000. Datasource DataSourceNoCloud [seed=/dev/sdb][dsmode=net].  Up 22.19 secondsStarted Execute cloud user/final scripts.

[[0;32m  OK  [0m] Reached target Cloud-init target.

Ubuntu 16.04.4 LTS rails ttyS0

rails login: 